0 info it worked if it ends with ok
1 verbose cli [ '/usr/local/bin/node', '/usr/local/bin/npm', 'run', 'lint' ]
2 info using npm@3.10.10
3 info using node@v6.10.3
4 verbose run-script [ 'prelint', 'lint', 'postlint' ]
5 info lifecycle demo-server-express-restful-api@0.0.1~prelint: demo-server-express-restful-api@0.0.1
6 silly lifecycle demo-server-express-restful-api@0.0.1~prelint: no script for prelint, continuing
7 info lifecycle demo-server-express-restful-api@0.0.1~lint: demo-server-express-restful-api@0.0.1
8 verbose lifecycle demo-server-express-restful-api@0.0.1~lint: unsafe-perm in lifecycle true
9 verbose lifecycle demo-server-express-restful-api@0.0.1~lint: PATH: /usr/local/lib/node_modules/npm/bin/node-gyp-bin:/Users/muralinarasimhan/Documents/projects/cms/murali/node_modules/.bin:/usr/local/bin:/usr/bin:/bin:/usr/sbin:/sbin:/usr/local/share/dotnet
10 verbose lifecycle demo-server-express-restful-api@0.0.1~lint: CWD: /Users/muralinarasimhan/Documents/projects/cms/murali
11 silly lifecycle demo-server-express-restful-api@0.0.1~lint: Args: [ '-c', 'eslint ./src/**/*.es6 ./test/**/*.es6' ]
12 silly lifecycle demo-server-express-restful-api@0.0.1~lint: Returned: code: 1  signal: null
13 info lifecycle demo-server-express-restful-api@0.0.1~lint: Failed to exec lint script
14 verbose stack Error: demo-server-express-restful-api@0.0.1 lint: `eslint ./src/**/*.es6 ./test/**/*.es6`
14 verbose stack Exit status 1
14 verbose stack     at EventEmitter.<anonymous> (/usr/local/lib/node_modules/npm/lib/utils/lifecycle.js:255:16)
14 verbose stack     at emitTwo (events.js:106:13)
14 verbose stack     at EventEmitter.emit (events.js:191:7)
14 verbose stack     at ChildProcess.<anonymous> (/usr/local/lib/node_modules/npm/lib/utils/spawn.js:40:14)
14 verbose stack     at emitTwo (events.js:106:13)
14 verbose stack     at ChildProcess.emit (events.js:191:7)
14 verbose stack     at maybeClose (internal/child_process.js:886:16)
14 verbose stack     at Process.ChildProcess._handle.onexit (internal/child_process.js:226:5)
15 verbose pkgid demo-server-express-restful-api@0.0.1
16 verbose cwd /Users/muralinarasimhan/Documents/projects/cms/murali
17 error Darwin 16.6.0
18 error argv "/usr/local/bin/node" "/usr/local/bin/npm" "run" "lint"
19 error node v6.10.3
20 error npm  v3.10.10
21 error code ELIFECYCLE
22 error demo-server-express-restful-api@0.0.1 lint: `eslint ./src/**/*.es6 ./test/**/*.es6`
22 error Exit status 1
23 error Failed at the demo-server-express-restful-api@0.0.1 lint script 'eslint ./src/**/*.es6 ./test/**/*.es6'.
23 error Make sure you have the latest version of node.js and npm installed.
23 error If you do, this is most likely a problem with the demo-server-express-restful-api package,
23 error not with npm itself.
23 error Tell the author that this fails on your system:
23 error     eslint ./src/**/*.es6 ./test/**/*.es6
23 error You can get information on how to open an issue for this project with:
23 error     npm bugs demo-server-express-restful-api
23 error Or if that isn't available, you can get their info via:
23 error     npm owner ls demo-server-express-restful-api
23 error There is likely additional logging output above.
24 verbose exit [ 1, true ]
